<?xml version="1.0" encoding="UTF-8"?>
<!-- Generated by org.testng.reporters.JUnitReportReporter -->
<testsuite hostname="DESKTOP-GO0V3E6" failures="0" tests="1" name="testCaseforPOM.LoginGitHubTest" time="11.052" errors="0" timestamp="29 May 2020 03:47:40 GMT" skipped="0">
  <testcase classname="testCaseforPOM.LoginGitHubTest" name="doLogin" time="11.052"/>
</testsuite> <!-- testCaseforPOM.LoginGitHubTest -->
